<SessionReport version="2" startTime="0" startTimestamp="Nov 25, 2019 21:17:55.353" key="/library/metadata/1" session="kwpmesksltpnnzkrm3dk5hnh" transcode="5daktuzwdj8zfsnnmewxlg56">
<User id="1" thumb="https://plex.tv/users/a174567308a268bb/avatar?c=1574715584" title="andreyindreies@live.com" />
<Player address="127.0.0.1" device="Windows" machineIdentifier="nhwisnvhnejpwpgnmenqmjib" model="hosted" platform="Chrome" platformVersion="78.0" product="Plex Web" remotePublicAddress="127.0.0.1" state="" title="Chrome" vendor="" version="4.14.2" local="0" relayed="1" secure="1" userID="1" />
<Variants>
<Variant id="25e4a957-d8a1-47f6-92b1-21bb6b32ad8f" targetBitrate="1000" context="streaming" sourceVideoCodec="h264" sourceAudioCodec="ac3" videoDecision="transcode" audioDecision="transcode" subtitleDecision="transcode" protocol="dash" container="mp4" videoCodec="h264" audioCodec="aac" audioChannels="2" transcodeHwRequested="0" transcodeHwFullPipeline="0">
<Media id="1" videoProfile="high" audioChannels="2" audioCodec="aac" bitrate="951" container="mp4" duration="6365408" height="302" optimizedForStreaming="1" protocol="dash" videoCodec="h264" videoFrameRate="24p" videoResolution="SD" width="720" selected="1">
<Part id="1" videoProfile="high" bitrate="951" container="mp4" duration="6365408" height="302" optimizedForStreaming="1" protocol="dash" width="720" decision="transcode" selected="1">
<Stream bitrate="836" chromaLocation="left" codec="h264" default="1" displayTitle="1080p (H.264)" frameRate="23.975999999999999" height="302" id="1" language="English" languageCode="eng" streamType="1" width="720" decision="transcode" location="segments-video" />
<Stream bitrate="115" bitrateMode="cbr" channels="2" codec="aac" default="1" displayTitle="English (AC3 5.1)" id="2" language="English" languageCode="eng" selected="1" streamType="2" decision="transcode" location="segments-audio" />
<Stream codec="ass" container="ass" displayTitle="Rom&#226;n&#259; (SRT)" format="ass" id="3" language="Rom&#226;n&#259;" languageCode="rum" selected="1" streamType="3" decision="transcode" location="segments-subs" />
</Part>
</Media>
</Variant>
<Variant id="965b3007-40ba-4133-b9d1-62b93585cdca" targetBitrate="1000" context="streaming" sourceVideoCodec="h264" sourceAudioCodec="ac3" videoDecision="transcode" audioDecision="transcode" subtitleDecision="transcode" protocol="dash" container="mp4" videoCodec="h264" audioCodec="aac" audioChannels="2" transcodeHwRequested="0" transcodeHwFullPipeline="0">
<Media id="1" videoProfile="high" audioChannels="2" audioCodec="aac" bitrate="951" container="mp4" duration="6365408" height="302" optimizedForStreaming="1" protocol="dash" videoCodec="h264" videoFrameRate="24p" videoResolution="SD" width="720" selected="1">
<Part id="1" videoProfile="high" bitrate="951" container="mp4" duration="6365408" height="302" optimizedForStreaming="1" protocol="dash" width="720" decision="transcode" selected="1">
<Stream bitrate="836" chromaLocation="left" codec="h264" default="1" displayTitle="1080p (H.264)" frameRate="23.975999999999999" height="302" id="1" language="English" languageCode="eng" streamType="1" width="720" decision="transcode" location="segments-video" />
<Stream bitrate="115" bitrateMode="cbr" channels="2" codec="aac" default="1" displayTitle="English (AC3 5.1)" id="2" language="English" languageCode="eng" selected="1" streamType="2" decision="transcode" location="segments-audio" />
<Stream codec="ass" container="ass" displayTitle="Rom&#226;n&#259; (SRT)" format="ass" id="3" language="Rom&#226;n&#259;" languageCode="rum" selected="1" streamType="3" decision="transcode" location="segments-subs" />
</Part>
</Media>
</Variant>
</Variants>
<SegmentList>
<Segment duration="0" startOffset="-1" endOffset="-1">
<Timelines>
<Download startTime="406" fileType="audio" variant="25e4a957-d8a1-47f6-92b1-21bb6b32ad8f" />
<Download startTime="720" fileType="video" variant="25e4a957-d8a1-47f6-92b1-21bb6b32ad8f" />
</Timelines>
</Segment>
<Segment duration="3003" startOffset="0" endOffset="3003">
<File name="chunk-stream0-00001.m4s" type="video">
<FileVariant size="18782" variant="25e4a957-d8a1-47f6-92b1-21bb6b32ad8f" />
</File>
<File name="chunk-stream1-00001.m4s" type="audio">
<FileVariant size="6060" variant="25e4a957-d8a1-47f6-92b1-21bb6b32ad8f" />
</File>
<File name="sub-chunk-00000" type="subs">
<FileVariant size="77" variant="965b3007-40ba-4133-b9d1-62b93585cdca" />
</File>
<Timelines>
<Transcode startTime="191" endTime="936" complete="1" fileType="video" variant="25e4a957-d8a1-47f6-92b1-21bb6b32ad8f" />
<Transcode startTime="191" endTime="936" complete="1" fileType="audio" variant="25e4a957-d8a1-47f6-92b1-21bb6b32ad8f" />
<Transcode startTime="1466" endTime="2036" complete="1" fileType="subs" variant="965b3007-40ba-4133-b9d1-62b93585cdca" />
</Timelines>
</Segment>
<Segment duration="3003" startOffset="3003" endOffset="6006">
<File name="chunk-stream0-00002.m4s" type="video">
<FileVariant size="53891" variant="25e4a957-d8a1-47f6-92b1-21bb6b32ad8f" />
</File>
<File name="chunk-stream1-00002.m4s" type="audio">
<FileVariant size="45283" variant="25e4a957-d8a1-47f6-92b1-21bb6b32ad8f" />
</File>
<Timelines>
<Transcode startTime="936" endTime="1421" complete="1" fileType="video" variant="25e4a957-d8a1-47f6-92b1-21bb6b32ad8f" />
<Transcode startTime="936" endTime="1421" complete="1" fileType="audio" variant="25e4a957-d8a1-47f6-92b1-21bb6b32ad8f" />
</Timelines>
</Segment>
</SegmentList>
<PlaybackReports />
<StateReports />
<StateReports />
</SessionReport>
