<SessionReport version="2" startTime="0" startTimestamp="Nov 25, 2019 21:17:58.428" key="/library/metadata/1" session="kwpmesksltpnnzkrm3dk5hnh" transcode="ejcmzwdsi9ic0uwg0ydunsdr">
<User id="1" thumb="https://plex.tv/users/a174567308a268bb/avatar?c=1574715584" title="andreyindreies@live.com" />
<Player address="127.0.0.1" device="Windows" machineIdentifier="nhwisnvhnejpwpgnmenqmjib" model="hosted" platform="Chrome" platformVersion="78.0" product="Plex Web" remotePublicAddress="127.0.0.1" state="" title="Chrome" vendor="" version="4.14.2" local="0" relayed="1" secure="1" userID="1" />
<Variants>
<Variant id="8de44e5e-d6e9-482c-820c-43ace77d2235" targetBitrate="719" context="streaming" sourceVideoCodec="h264" sourceAudioCodec="ac3" videoDecision="transcode" audioDecision="transcode" subtitleDecision="transcode" protocol="dash" container="mp4" videoCodec="h264" audioCodec="aac" audioChannels="2" transcodeHwRequested="0" transcodeHwFullPipeline="0">
<Media id="1" videoProfile="high" audioChannels="2" audioCodec="aac" bitrate="683" container="mp4" duration="6365408" height="202" optimizedForStreaming="1" protocol="dash" videoCodec="h264" videoFrameRate="24p" videoResolution="SD" width="480" selected="1">
<Part id="1" videoProfile="high" bitrate="683" container="mp4" duration="6365408" height="202" optimizedForStreaming="1" protocol="dash" width="480" decision="transcode" selected="1">
<Stream bitrate="530" chromaLocation="left" codec="h264" default="1" displayTitle="1080p (H.264)" frameRate="23.975999999999999" height="202" id="1" language="English" languageCode="eng" streamType="1" width="480" decision="transcode" location="segments-video" />
<Stream bitrate="153" bitrateMode="cbr" channels="2" codec="aac" default="1" displayTitle="English (AC3 5.1)" id="2" language="English" languageCode="eng" selected="1" streamType="2" decision="transcode" location="segments-audio" />
<Stream codec="ass" container="ass" displayTitle="Rom&#226;n&#259; (SRT)" format="ass" id="3" language="Rom&#226;n&#259;" languageCode="rum" selected="1" streamType="3" decision="transcode" location="segments-subs" />
</Part>
</Media>
</Variant>
<Variant id="feb7f1ab-b85e-46e2-96c1-0c675a419341" targetBitrate="719" context="streaming" sourceVideoCodec="h264" sourceAudioCodec="ac3" videoDecision="transcode" audioDecision="transcode" subtitleDecision="transcode" protocol="dash" container="mp4" videoCodec="h264" audioCodec="aac" audioChannels="2" transcodeHwRequested="0" transcodeHwFullPipeline="0">
<Media id="1" videoProfile="high" audioChannels="2" audioCodec="aac" bitrate="683" container="mp4" duration="6365408" height="202" optimizedForStreaming="1" protocol="dash" videoCodec="h264" videoFrameRate="24p" videoResolution="SD" width="480" selected="1">
<Part id="1" videoProfile="high" bitrate="683" container="mp4" duration="6365408" height="202" optimizedForStreaming="1" protocol="dash" width="480" decision="transcode" selected="1">
<Stream bitrate="530" chromaLocation="left" codec="h264" default="1" displayTitle="1080p (H.264)" frameRate="23.975999999999999" height="202" id="1" language="English" languageCode="eng" streamType="1" width="480" decision="transcode" location="segments-video" />
<Stream bitrate="153" bitrateMode="cbr" channels="2" codec="aac" default="1" displayTitle="English (AC3 5.1)" id="2" language="English" languageCode="eng" selected="1" streamType="2" decision="transcode" location="segments-audio" />
<Stream codec="ass" container="ass" displayTitle="Rom&#226;n&#259; (SRT)" format="ass" id="3" language="Rom&#226;n&#259;" languageCode="rum" selected="1" streamType="3" decision="transcode" location="segments-subs" />
</Part>
</Media>
</Variant>
<Variant id="a6e8fb15-bbfb-48bf-9f8c-573be7c77e09" targetBitrate="719" context="streaming" sourceVideoCodec="h264" sourceAudioCodec="ac3" videoDecision="transcode" audioDecision="transcode" subtitleDecision="transcode" protocol="dash" container="mp4" videoCodec="h264" audioCodec="aac" audioChannels="2" transcodeHwRequested="0" transcodeHwFullPipeline="0">
<Media id="1" videoProfile="high" audioChannels="2" audioCodec="aac" bitrate="683" container="mp4" duration="6365408" height="202" optimizedForStreaming="1" protocol="dash" videoCodec="h264" videoFrameRate="24p" videoResolution="SD" width="480" selected="1">
<Part id="1" videoProfile="high" bitrate="683" container="mp4" duration="6365408" height="202" optimizedForStreaming="1" protocol="dash" width="480" decision="transcode" selected="1">
<Stream bitrate="530" chromaLocation="left" codec="h264" default="1" displayTitle="1080p (H.264)" frameRate="23.975999999999999" height="202" id="1" language="English" languageCode="eng" streamType="1" width="480" decision="transcode" location="segments-video" />
<Stream bitrate="153" bitrateMode="cbr" channels="2" codec="aac" default="1" displayTitle="English (AC3 5.1)" id="2" language="English" languageCode="eng" selected="1" streamType="2" decision="transcode" location="segments-audio" />
<Stream codec="ass" container="ass" displayTitle="Rom&#226;n&#259; (SRT)" format="ass" id="3" language="Rom&#226;n&#259;" languageCode="rum" selected="1" streamType="3" decision="transcode" location="segments-subs" />
</Part>
</Media>
</Variant>
<Variant id="e6679bf9-9a25-46fa-8784-73e9bb091fd2" targetBitrate="719" context="streaming" sourceVideoCodec="h264" sourceAudioCodec="ac3" videoDecision="transcode" audioDecision="transcode" subtitleDecision="transcode" protocol="dash" container="mp4" videoCodec="h264" audioCodec="aac" audioChannels="2" transcodeHwRequested="0" transcodeHwFullPipeline="0">
<Media id="1" videoProfile="high" audioChannels="2" audioCodec="aac" bitrate="683" container="mp4" duration="6365408" height="202" optimizedForStreaming="1" protocol="dash" videoCodec="h264" videoFrameRate="24p" videoResolution="SD" width="480" selected="1">
<Part id="1" videoProfile="high" bitrate="683" container="mp4" duration="6365408" height="202" optimizedForStreaming="1" protocol="dash" width="480" decision="transcode" selected="1">
<Stream bitrate="530" chromaLocation="left" codec="h264" default="1" displayTitle="1080p (H.264)" frameRate="23.975999999999999" height="202" id="1" language="English" languageCode="eng" streamType="1" width="480" decision="transcode" location="segments-video" />
<Stream bitrate="153" bitrateMode="cbr" channels="2" codec="aac" default="1" displayTitle="English (AC3 5.1)" id="2" language="English" languageCode="eng" selected="1" streamType="2" decision="transcode" location="segments-audio" />
<Stream codec="ass" container="ass" displayTitle="Rom&#226;n&#259; (SRT)" format="ass" id="3" language="Rom&#226;n&#259;" languageCode="rum" selected="1" streamType="3" decision="transcode" location="segments-subs" />
</Part>
</Media>
</Variant>
</Variants>
<SegmentList>
<Segment duration="6548" startOffset="898440" endOffset="904988">
<File name="chunk-stream0-00111.m4s" type="video">
<FileVariant size="334636" variant="feb7f1ab-b85e-46e2-96c1-0c675a419341" />
</File>
<File name="chunk-stream1-00111.m4s" type="audio">
<FileVariant size="189841" variant="feb7f1ab-b85e-46e2-96c1-0c675a419341" />
</File>
<Timelines>
<Download startTime="456" endTime="8747" complete="1" fileType="audio" variant="8de44e5e-d6e9-482c-820c-43ace77d2235">
<Pause type="segmentWait" startTime="456" endTime="8745" />
</Download>
<Download startTime="561" endTime="8723" complete="1" fileType="video" variant="8de44e5e-d6e9-482c-820c-43ace77d2235">
<Pause type="segmentWait" startTime="561" endTime="8722" />
</Download>
<Transcode startTime="8669" endTime="8669" complete="1" fileType="video" variant="feb7f1ab-b85e-46e2-96c1-0c675a419341" />
<Transcode startTime="8669" endTime="8669" complete="1" fileType="audio" variant="feb7f1ab-b85e-46e2-96c1-0c675a419341" />
</Timelines>
</Segment>
<Segment duration="8008" startOffset="0" endOffset="8008">
<File name="chunk-stream0-00001.m4s" type="video">
<FileVariant size="102299" variant="8de44e5e-d6e9-482c-820c-43ace77d2235" />
</File>
<File name="chunk-stream1-00001.m4s" type="audio">
<FileVariant size="106413" variant="8de44e5e-d6e9-482c-820c-43ace77d2235" />
</File>
<File name="sub-chunk-00000" type="subs">
<FileVariant size="93" variant="feb7f1ab-b85e-46e2-96c1-0c675a419341" />
<FileVariant size="94" variant="a6e8fb15-bbfb-48bf-9f8c-573be7c77e09" />
<FileVariant size="103" variant="e6679bf9-9a25-46fa-8784-73e9bb091fd2" />
</File>
<Timelines>
<Transcode startTime="163" endTime="1433" complete="1" fileType="video" variant="8de44e5e-d6e9-482c-820c-43ace77d2235" />
<Transcode startTime="163" endTime="1433" complete="1" fileType="audio" variant="8de44e5e-d6e9-482c-820c-43ace77d2235" />
<Transcode startTime="2915" endTime="3170" complete="1" fileType="subs" variant="feb7f1ab-b85e-46e2-96c1-0c675a419341" />
<Transcode startTime="16381" endTime="16694" complete="1" fileType="subs" variant="a6e8fb15-bbfb-48bf-9f8c-573be7c77e09" />
<Transcode startTime="32503" endTime="33775" complete="1" fileType="subs" variant="e6679bf9-9a25-46fa-8784-73e9bb091fd2" />
</Timelines>
</Segment>
<Segment duration="8008" startOffset="8008" endOffset="16016">
<File name="chunk-stream0-00002.m4s" type="video">
<FileVariant size="382881" variant="8de44e5e-d6e9-482c-820c-43ace77d2235" />
</File>
<File name="chunk-stream1-00002.m4s" type="audio">
<FileVariant size="155373" variant="8de44e5e-d6e9-482c-820c-43ace77d2235" />
</File>
<File name="sub-chunk-00001" type="subs">
<FileVariant size="73" variant="feb7f1ab-b85e-46e2-96c1-0c675a419341" />
<FileVariant size="97" variant="a6e8fb15-bbfb-48bf-9f8c-573be7c77e09" />
<FileVariant size="82" variant="e6679bf9-9a25-46fa-8784-73e9bb091fd2" />
</File>
<Timelines>
<Transcode startTime="1433" endTime="2866" complete="1" fileType="video" variant="8de44e5e-d6e9-482c-820c-43ace77d2235" />
<Transcode startTime="1433" endTime="2866" complete="1" fileType="audio" variant="8de44e5e-d6e9-482c-820c-43ace77d2235" />
<Transcode startTime="3170" endTime="3465" complete="1" fileType="subs" variant="feb7f1ab-b85e-46e2-96c1-0c675a419341" />
<Transcode startTime="16694" endTime="17252" complete="1" fileType="subs" variant="a6e8fb15-bbfb-48bf-9f8c-573be7c77e09" />
<Transcode startTime="33775" endTime="34740" complete="1" fileType="subs" variant="e6679bf9-9a25-46fa-8784-73e9bb091fd2" />
</Timelines>
</Segment>
<Segment duration="0" startOffset="884510" endOffset="884510">
<File name="sub-chunk-00002" type="subs">
<FileVariant size="77" variant="feb7f1ab-b85e-46e2-96c1-0c675a419341" />
<FileVariant size="77" variant="a6e8fb15-bbfb-48bf-9f8c-573be7c77e09" />
<FileVariant size="67" variant="e6679bf9-9a25-46fa-8784-73e9bb091fd2" />
</File>
<Timelines>
<Transcode startTime="3465" endTime="4176" complete="1" fileType="subs" variant="feb7f1ab-b85e-46e2-96c1-0c675a419341" />
<Transcode startTime="17252" endTime="17648" complete="1" fileType="subs" variant="a6e8fb15-bbfb-48bf-9f8c-573be7c77e09" />
<Transcode startTime="34740" endTime="35303" complete="1" fileType="subs" variant="e6679bf9-9a25-46fa-8784-73e9bb091fd2" />
</Timelines>
</Segment>
<Segment duration="9801" startOffset="880005" endOffset="889806">
<File name="chunk-stream0-00107.m4s" type="video">
<FileVariant size="0" variant="feb7f1ab-b85e-46e2-96c1-0c675a419341" />
</File>
<File name="chunk-stream1-00107.m4s" type="audio">
<FileVariant size="0" variant="feb7f1ab-b85e-46e2-96c1-0c675a419341" />
</File>
<Timelines>
<Transcode startTime="2915" endTime="5658" complete="1" fileType="video" variant="feb7f1ab-b85e-46e2-96c1-0c675a419341" />
<Transcode startTime="2915" endTime="5658" complete="1" fileType="audio" variant="feb7f1ab-b85e-46e2-96c1-0c675a419341" />
</Timelines>
</Segment>
<Segment duration="9801" startOffset="880005" endOffset="889806">
<File name="chunk-stream0-00108.m4s" type="video">
<FileVariant size="0" variant="feb7f1ab-b85e-46e2-96c1-0c675a419341" />
</File>
<File name="chunk-stream1-00108.m4s" type="audio">
<FileVariant size="0" variant="feb7f1ab-b85e-46e2-96c1-0c675a419341" />
</File>
<Timelines>
<Transcode startTime="5658" endTime="7444" complete="1" fileType="video" variant="feb7f1ab-b85e-46e2-96c1-0c675a419341" />
<Transcode startTime="5658" endTime="7444" complete="1" fileType="audio" variant="feb7f1ab-b85e-46e2-96c1-0c675a419341" />
</Timelines>
</Segment>
<Segment duration="8633" startOffset="889806" endOffset="898440">
<File name="chunk-stream0-00109.m4s" type="video">
<FileVariant size="0" variant="feb7f1ab-b85e-46e2-96c1-0c675a419341" />
</File>
<File name="chunk-stream1-00109.m4s" type="audio">
<FileVariant size="0" variant="feb7f1ab-b85e-46e2-96c1-0c675a419341" />
</File>
<Timelines>
<Transcode startTime="7444" endTime="7444" complete="1" fileType="video" variant="feb7f1ab-b85e-46e2-96c1-0c675a419341" />
<Transcode startTime="7444" endTime="7444" complete="1" fileType="audio" variant="feb7f1ab-b85e-46e2-96c1-0c675a419341" />
</Timelines>
</Segment>
<Segment duration="0" startOffset="899920" endOffset="899920">
<File name="sub-chunk-00003" type="subs">
<FileVariant size="75" variant="feb7f1ab-b85e-46e2-96c1-0c675a419341" />
<FileVariant size="90" variant="a6e8fb15-bbfb-48bf-9f8c-573be7c77e09" />
<FileVariant size="60" variant="e6679bf9-9a25-46fa-8784-73e9bb091fd2" />
</File>
<Timelines>
<Transcode startTime="4176" endTime="7528" complete="1" fileType="subs" variant="feb7f1ab-b85e-46e2-96c1-0c675a419341" />
<Transcode startTime="17648" endTime="17947" complete="1" fileType="subs" variant="a6e8fb15-bbfb-48bf-9f8c-573be7c77e09" />
<Transcode startTime="35303" endTime="35964" complete="1" fileType="subs" variant="e6679bf9-9a25-46fa-8784-73e9bb091fd2" />
</Timelines>
</Segment>
<Segment duration="0" startOffset="903790" endOffset="903790">
<File name="sub-chunk-00004" type="subs">
<FileVariant size="57" variant="feb7f1ab-b85e-46e2-96c1-0c675a419341" />
<FileVariant size="97" variant="a6e8fb15-bbfb-48bf-9f8c-573be7c77e09" />
<FileVariant size="94" variant="e6679bf9-9a25-46fa-8784-73e9bb091fd2" />
</File>
<Timelines>
<Transcode startTime="7528" endTime="8260" complete="1" fileType="subs" variant="feb7f1ab-b85e-46e2-96c1-0c675a419341" />
<Transcode startTime="17947" endTime="19259" complete="1" fileType="subs" variant="a6e8fb15-bbfb-48bf-9f8c-573be7c77e09" />
<Transcode startTime="35964" endTime="36250" complete="1" fileType="subs" variant="e6679bf9-9a25-46fa-8784-73e9bb091fd2" />
</Timelines>
</Segment>
<Segment duration="0" startOffset="905190" endOffset="905190">
<File name="sub-chunk-00005" type="subs">
<FileVariant size="58" variant="feb7f1ab-b85e-46e2-96c1-0c675a419341" />
<FileVariant size="0" variant="a6e8fb15-bbfb-48bf-9f8c-573be7c77e09" />
<FileVariant size="76" variant="e6679bf9-9a25-46fa-8784-73e9bb091fd2" />
</File>
<Timelines>
<Transcode startTime="8260" endTime="8497" complete="1" fileType="subs" variant="feb7f1ab-b85e-46e2-96c1-0c675a419341" />
<Transcode startTime="19259" endTime="19804" complete="1" fileType="subs" variant="a6e8fb15-bbfb-48bf-9f8c-573be7c77e09" />
<Transcode startTime="36250" endTime="37253" complete="1" fileType="subs" variant="e6679bf9-9a25-46fa-8784-73e9bb091fd2" />
</Timelines>
</Segment>
<Segment duration="8633" startOffset="889806" endOffset="898440">
<File name="chunk-stream0-00110.m4s" type="video">
<FileVariant size="0" variant="feb7f1ab-b85e-46e2-96c1-0c675a419341" />
</File>
<File name="chunk-stream1-00110.m4s" type="audio">
<FileVariant size="0" variant="feb7f1ab-b85e-46e2-96c1-0c675a419341" />
</File>
<Timelines>
<Transcode startTime="7444" endTime="8669" complete="1" fileType="video" variant="feb7f1ab-b85e-46e2-96c1-0c675a419341" />
<Transcode startTime="7444" endTime="8669" complete="1" fileType="audio" variant="feb7f1ab-b85e-46e2-96c1-0c675a419341" />
</Timelines>
</Segment>
<Segment duration="0" startOffset="906560" endOffset="906560">
<File name="sub-chunk-00006" type="subs">
<FileVariant size="62" variant="feb7f1ab-b85e-46e2-96c1-0c675a419341" />
<FileVariant size="58" variant="a6e8fb15-bbfb-48bf-9f8c-573be7c77e09" />
<FileVariant size="69" variant="e6679bf9-9a25-46fa-8784-73e9bb091fd2" />
</File>
<Timelines>
<Transcode startTime="8497" endTime="8736" complete="1" fileType="subs" variant="feb7f1ab-b85e-46e2-96c1-0c675a419341" />
<Transcode startTime="19804" endTime="20358" complete="1" fileType="subs" variant="a6e8fb15-bbfb-48bf-9f8c-573be7c77e09" />
<Transcode startTime="37253" endTime="38007" complete="1" fileType="subs" variant="e6679bf9-9a25-46fa-8784-73e9bb091fd2" />
</Timelines>
</Segment>
<Segment duration="0" startOffset="909200" endOffset="909200">
<File name="sub-chunk-00007" type="subs">
<FileVariant size="0" variant="feb7f1ab-b85e-46e2-96c1-0c675a419341" />
<FileVariant size="80" variant="a6e8fb15-bbfb-48bf-9f8c-573be7c77e09" />
<FileVariant size="67" variant="e6679bf9-9a25-46fa-8784-73e9bb091fd2" />
</File>
<Timelines>
<Transcode startTime="8736" endTime="9138" complete="1" fileType="subs" variant="feb7f1ab-b85e-46e2-96c1-0c675a419341" />
<Transcode startTime="20358" endTime="20571" complete="1" fileType="subs" variant="a6e8fb15-bbfb-48bf-9f8c-573be7c77e09" />
<Transcode startTime="38007" endTime="39047" complete="1" fileType="subs" variant="e6679bf9-9a25-46fa-8784-73e9bb091fd2" />
</Timelines>
</Segment>
<Segment duration="6548" startOffset="898440" endOffset="904988">
<File name="chunk-stream0-00112.m4s" type="video">
<FileVariant size="476997" variant="feb7f1ab-b85e-46e2-96c1-0c675a419341" />
</File>
<File name="chunk-stream1-00112.m4s" type="audio">
<FileVariant size="167574" variant="feb7f1ab-b85e-46e2-96c1-0c675a419341" />
</File>
<Timelines>
<Download startTime="9176" endTime="10391" complete="1" fileType="video" variant="feb7f1ab-b85e-46e2-96c1-0c675a419341">
<Pause type="segmentWait" startTime="9176" endTime="10390" />
</Download>
<Download startTime="9177" endTime="10388" complete="1" fileType="audio" variant="feb7f1ab-b85e-46e2-96c1-0c675a419341">
<Pause type="segmentWait" startTime="9177" endTime="10387" />
</Download>
<Transcode startTime="8669" endTime="10363" complete="1" fileType="video" variant="feb7f1ab-b85e-46e2-96c1-0c675a419341" />
<Transcode startTime="8669" endTime="10363" complete="1" fileType="audio" variant="feb7f1ab-b85e-46e2-96c1-0c675a419341" />
</Timelines>
</Segment>
<Segment duration="0" startOffset="911500" endOffset="911500">
<File name="sub-chunk-00008" type="subs">
<FileVariant size="108" variant="feb7f1ab-b85e-46e2-96c1-0c675a419341" />
<FileVariant size="61" variant="a6e8fb15-bbfb-48bf-9f8c-573be7c77e09" />
<FileVariant size="55" variant="e6679bf9-9a25-46fa-8784-73e9bb091fd2" />
</File>
<Timelines>
<Transcode startTime="9138" endTime="9560" complete="1" fileType="subs" variant="feb7f1ab-b85e-46e2-96c1-0c675a419341" />
<Transcode startTime="20571" endTime="22330" complete="1" fileType="subs" variant="a6e8fb15-bbfb-48bf-9f8c-573be7c77e09" />
<Transcode startTime="39047" endTime="39406" complete="1" fileType="subs" variant="e6679bf9-9a25-46fa-8784-73e9bb091fd2" />
</Timelines>
</Segment>
<Segment duration="0" startOffset="913670" endOffset="913670">
<File name="sub-chunk-00009" type="subs">
<FileVariant size="77" variant="feb7f1ab-b85e-46e2-96c1-0c675a419341" />
<FileVariant size="73" variant="a6e8fb15-bbfb-48bf-9f8c-573be7c77e09" />
<FileVariant size="99" variant="e6679bf9-9a25-46fa-8784-73e9bb091fd2" />
</File>
<Timelines>
<Transcode startTime="9560" endTime="9908" complete="1" fileType="subs" variant="feb7f1ab-b85e-46e2-96c1-0c675a419341" />
<Transcode startTime="22330" endTime="22701" complete="1" fileType="subs" variant="a6e8fb15-bbfb-48bf-9f8c-573be7c77e09" />
<Transcode startTime="39406" endTime="39753" complete="1" fileType="subs" variant="e6679bf9-9a25-46fa-8784-73e9bb091fd2" />
</Timelines>
</Segment>
<Segment duration="9843" startOffset="904988" endOffset="914831">
<File name="chunk-stream0-00113.m4s" type="video">
<FileVariant size="229558" variant="feb7f1ab-b85e-46e2-96c1-0c675a419341" />
</File>
<File name="chunk-stream1-00113.m4s" type="audio">
<FileVariant size="126890" variant="feb7f1ab-b85e-46e2-96c1-0c675a419341" />
</File>
<Timelines>
<Transcode startTime="10363" endTime="10363" complete="1" fileType="video" variant="feb7f1ab-b85e-46e2-96c1-0c675a419341" />
<Transcode startTime="10363" endTime="10363" complete="1" fileType="audio" variant="feb7f1ab-b85e-46e2-96c1-0c675a419341" />
<Download startTime="10896" endTime="10897" complete="1" fileType="audio" variant="feb7f1ab-b85e-46e2-96c1-0c675a419341" />
<Download startTime="10897" endTime="10899" complete="1" fileType="video" variant="feb7f1ab-b85e-46e2-96c1-0c675a419341">
<Pause type="segmentWait" startTime="10897" endTime="10898" />
</Download>
</Timelines>
</Segment>
<Segment duration="0" startOffset="917070" endOffset="917070">
<File name="sub-chunk-00010" type="subs">
<FileVariant size="64" variant="feb7f1ab-b85e-46e2-96c1-0c675a419341" />
<FileVariant size="61" variant="a6e8fb15-bbfb-48bf-9f8c-573be7c77e09" />
</File>
<Timelines>
<Transcode startTime="9908" endTime="10520" complete="1" fileType="subs" variant="feb7f1ab-b85e-46e2-96c1-0c675a419341" />
<Transcode startTime="22701" endTime="23168" complete="1" fileType="subs" variant="a6e8fb15-bbfb-48bf-9f8c-573be7c77e09" />
</Timelines>
</Segment>
<Segment duration="9843" startOffset="904988" endOffset="914831">
<File name="chunk-stream0-00114.m4s" type="video">
<FileVariant size="245906" variant="feb7f1ab-b85e-46e2-96c1-0c675a419341" />
</File>
<File name="chunk-stream1-00114.m4s" type="audio">
<FileVariant size="191436" variant="feb7f1ab-b85e-46e2-96c1-0c675a419341" />
</File>
<Timelines>
<Download startTime="11462" endTime="12269" complete="1" fileType="video" variant="feb7f1ab-b85e-46e2-96c1-0c675a419341">
<Pause type="segmentWait" startTime="11462" endTime="12266" />
</Download>
<Download startTime="11464" endTime="12269" complete="1" fileType="audio" variant="feb7f1ab-b85e-46e2-96c1-0c675a419341">
<Pause type="segmentWait" startTime="11464" endTime="12267" />
</Download>
<Transcode startTime="10363" endTime="12238" complete="1" fileType="video" variant="feb7f1ab-b85e-46e2-96c1-0c675a419341" />
<Transcode startTime="10363" endTime="12238" complete="1" fileType="audio" variant="feb7f1ab-b85e-46e2-96c1-0c675a419341" />
</Timelines>
</Segment>
<Segment duration="0" startOffset="923780" endOffset="923780">
<File name="sub-chunk-00011" type="subs">
<FileVariant size="61" variant="feb7f1ab-b85e-46e2-96c1-0c675a419341" />
<FileVariant size="63" variant="a6e8fb15-bbfb-48bf-9f8c-573be7c77e09" />
</File>
<Timelines>
<Transcode startTime="10520" endTime="12013" complete="1" fileType="subs" variant="feb7f1ab-b85e-46e2-96c1-0c675a419341" />
<Transcode startTime="23168" endTime="23576" complete="1" fileType="subs" variant="a6e8fb15-bbfb-48bf-9f8c-573be7c77e09" />
</Timelines>
</Segment>
<Segment duration="8466" startOffset="914831" endOffset="923298">
<File name="chunk-stream0-00115.m4s" type="video">
<FileVariant size="443415" variant="feb7f1ab-b85e-46e2-96c1-0c675a419341" />
</File>
<File name="chunk-stream1-00115.m4s" type="audio">
<FileVariant size="164375" variant="feb7f1ab-b85e-46e2-96c1-0c675a419341" />
</File>
<Timelines>
<Transcode startTime="12238" endTime="12238" complete="1" fileType="video" variant="feb7f1ab-b85e-46e2-96c1-0c675a419341" />
<Transcode startTime="12238" endTime="12238" complete="1" fileType="audio" variant="feb7f1ab-b85e-46e2-96c1-0c675a419341" />
<Download startTime="12796" endTime="12798" complete="1" fileType="video" variant="feb7f1ab-b85e-46e2-96c1-0c675a419341" />
<Download startTime="12796" endTime="12799" complete="1" fileType="audio" variant="feb7f1ab-b85e-46e2-96c1-0c675a419341" />
</Timelines>
</Segment>
<Segment duration="0" startOffset="927750" endOffset="927750">
<File name="sub-chunk-00012" type="subs">
<FileVariant size="63" variant="feb7f1ab-b85e-46e2-96c1-0c675a419341" />
<FileVariant size="77" variant="a6e8fb15-bbfb-48bf-9f8c-573be7c77e09" />
</File>
<Timelines>
<Transcode startTime="12013" endTime="12884" complete="1" fileType="subs" variant="feb7f1ab-b85e-46e2-96c1-0c675a419341" />
<Transcode startTime="23576" endTime="25408" complete="1" fileType="subs" variant="a6e8fb15-bbfb-48bf-9f8c-573be7c77e09" />
</Timelines>
</Segment>
<Segment duration="9009" startOffset="923298" endOffset="932307">
<File name="chunk-stream0-00116.m4s" type="video">
<FileVariant size="309697" variant="feb7f1ab-b85e-46e2-96c1-0c675a419341" />
</File>
<File name="chunk-stream1-00116.m4s" type="audio">
<FileVariant size="174793" variant="feb7f1ab-b85e-46e2-96c1-0c675a419341" />
</File>
<Timelines>
<Download startTime="13284" endTime="13991" complete="1" fileType="video" variant="feb7f1ab-b85e-46e2-96c1-0c675a419341">
<Pause type="segmentWait" startTime="13284" endTime="13988" />
</Download>
<Download startTime="13327" endTime="14030" complete="1" fileType="audio" variant="feb7f1ab-b85e-46e2-96c1-0c675a419341">
<Pause type="segmentWait" startTime="13327" endTime="14029" />
</Download>
<Transcode startTime="12238" endTime="13952" complete="1" fileType="video" variant="feb7f1ab-b85e-46e2-96c1-0c675a419341" />
<Transcode startTime="12238" endTime="13952" complete="1" fileType="audio" variant="feb7f1ab-b85e-46e2-96c1-0c675a419341" />
</Timelines>
</Segment>
<Segment duration="9509" startOffset="932307" endOffset="941816">
<File name="chunk-stream0-00117.m4s" type="video">
<FileVariant size="270862" variant="feb7f1ab-b85e-46e2-96c1-0c675a419341" />
</File>
<File name="chunk-stream1-00117.m4s" type="audio">
<FileVariant size="184816" variant="feb7f1ab-b85e-46e2-96c1-0c675a419341" />
</File>
<Timelines>
<Download startTime="14419" endTime="15826" complete="1" fileType="audio" variant="feb7f1ab-b85e-46e2-96c1-0c675a419341">
<Pause type="segmentWait" startTime="14419" endTime="15824" />
</Download>
<Download startTime="14419" endTime="15828" complete="1" fileType="video" variant="feb7f1ab-b85e-46e2-96c1-0c675a419341">
<Pause type="segmentWait" startTime="14419" endTime="15826" />
</Download>
<Transcode startTime="13952" endTime="15730" complete="1" fileType="video" variant="feb7f1ab-b85e-46e2-96c1-0c675a419341" />
<Transcode startTime="13952" endTime="15730" complete="1" fileType="audio" variant="feb7f1ab-b85e-46e2-96c1-0c675a419341" />
</Timelines>
</Segment>
<Segment duration="7590" startOffset="2761720" endOffset="2769310">
<File name="chunk-stream0-00344.m4s" type="video">
<FileVariant size="258692" variant="a6e8fb15-bbfb-48bf-9f8c-573be7c77e09" />
</File>
<File name="chunk-stream1-00344.m4s" type="audio">
<FileVariant size="173133" variant="a6e8fb15-bbfb-48bf-9f8c-573be7c77e09" />
</File>
<Timelines>
<Download startTime="16381" endTime="21838" complete="1" fileType="video" variant="a6e8fb15-bbfb-48bf-9f8c-573be7c77e09">
<Pause type="segmentWait" startTime="16381" endTime="21832" />
</Download>
<Download startTime="17123" endTime="21849" complete="1" fileType="audio" variant="a6e8fb15-bbfb-48bf-9f8c-573be7c77e09">
<Pause type="segmentWait" startTime="17123" endTime="21848" />
</Download>
<Transcode startTime="21768" endTime="21768" complete="1" fileType="video" variant="a6e8fb15-bbfb-48bf-9f8c-573be7c77e09" />
<Transcode startTime="21768" endTime="21768" complete="1" fileType="audio" variant="a6e8fb15-bbfb-48bf-9f8c-573be7c77e09" />
</Timelines>
</Segment>
<Segment duration="8967" startOffset="2744035" endOffset="2753003">
<File name="chunk-stream0-00340.m4s" type="video">
<FileVariant size="0" variant="a6e8fb15-bbfb-48bf-9f8c-573be7c77e09" />
</File>
<File name="chunk-stream1-00340.m4s" type="audio">
<FileVariant size="0" variant="a6e8fb15-bbfb-48bf-9f8c-573be7c77e09" />
</File>
<Timelines>
<Transcode startTime="16381" endTime="18692" complete="1" fileType="video" variant="a6e8fb15-bbfb-48bf-9f8c-573be7c77e09" />
<Transcode startTime="16381" endTime="18692" complete="1" fileType="audio" variant="a6e8fb15-bbfb-48bf-9f8c-573be7c77e09" />
</Timelines>
</Segment>
<Segment duration="8967" startOffset="2744035" endOffset="2753003">
<File name="chunk-stream0-00341.m4s" type="video">
<FileVariant size="0" variant="a6e8fb15-bbfb-48bf-9f8c-573be7c77e09" />
</File>
<File name="chunk-stream1-00341.m4s" type="audio">
<FileVariant size="0" variant="a6e8fb15-bbfb-48bf-9f8c-573be7c77e09" />
</File>
<Timelines>
<Transcode startTime="18692" endTime="20281" complete="1" fileType="video" variant="a6e8fb15-bbfb-48bf-9f8c-573be7c77e09" />
<Transcode startTime="18692" endTime="20282" complete="1" fileType="audio" variant="a6e8fb15-bbfb-48bf-9f8c-573be7c77e09" />
</Timelines>
</Segment>
<Segment duration="8717" startOffset="2753003" endOffset="2761720">
<File name="chunk-stream0-00342.m4s" type="video">
<FileVariant size="0" variant="a6e8fb15-bbfb-48bf-9f8c-573be7c77e09" />
</File>
<File name="chunk-stream1-00342.m4s" type="audio">
<FileVariant size="0" variant="a6e8fb15-bbfb-48bf-9f8c-573be7c77e09" />
</File>
<Timelines>
<Transcode startTime="20281" endTime="20282" complete="1" fileType="video" variant="a6e8fb15-bbfb-48bf-9f8c-573be7c77e09" />
<Transcode startTime="20282" endTime="20282" complete="1" fileType="audio" variant="a6e8fb15-bbfb-48bf-9f8c-573be7c77e09" />
</Timelines>
</Segment>
<Segment duration="8717" startOffset="2753003" endOffset="2761720">
<File name="chunk-stream0-00343.m4s" type="video">
<FileVariant size="0" variant="a6e8fb15-bbfb-48bf-9f8c-573be7c77e09" />
</File>
<File name="chunk-stream1-00343.m4s" type="audio">
<FileVariant size="0" variant="a6e8fb15-bbfb-48bf-9f8c-573be7c77e09" />
</File>
<Timelines>
<Transcode startTime="20282" endTime="21768" complete="1" fileType="video" variant="a6e8fb15-bbfb-48bf-9f8c-573be7c77e09" />
<Transcode startTime="20282" endTime="21768" complete="1" fileType="audio" variant="a6e8fb15-bbfb-48bf-9f8c-573be7c77e09" />
</Timelines>
</Segment>
<Segment duration="7590" startOffset="2761720" endOffset="2769310">
<File name="chunk-stream0-00345.m4s" type="video">
<FileVariant size="212823" variant="a6e8fb15-bbfb-48bf-9f8c-573be7c77e09" />
</File>
<File name="chunk-stream1-00345.m4s" type="audio">
<FileVariant size="169176" variant="a6e8fb15-bbfb-48bf-9f8c-573be7c77e09" />
</File>
<Timelines>
<Transcode startTime="21768" endTime="23533" complete="1" fileType="video" variant="a6e8fb15-bbfb-48bf-9f8c-573be7c77e09" />
<Transcode startTime="21768" endTime="23533" complete="1" fileType="audio" variant="a6e8fb15-bbfb-48bf-9f8c-573be7c77e09" />
<Download startTime="23540" endTime="23541" complete="1" fileType="video" variant="a6e8fb15-bbfb-48bf-9f8c-573be7c77e09" />
<Download startTime="23779" endTime="23782" complete="1" fileType="audio" variant="a6e8fb15-bbfb-48bf-9f8c-573be7c77e09" />
</Timelines>
</Segment>
<Segment duration="7090" startOffset="2769310" endOffset="2776401">
<File name="chunk-stream0-00346.m4s" type="video">
<FileVariant size="266469" variant="a6e8fb15-bbfb-48bf-9f8c-573be7c77e09" />
</File>
<File name="chunk-stream1-00346.m4s" type="audio">
<FileVariant size="147801" variant="a6e8fb15-bbfb-48bf-9f8c-573be7c77e09" />
</File>
<Timelines>
<Transcode startTime="23533" endTime="23533" complete="1" fileType="video" variant="a6e8fb15-bbfb-48bf-9f8c-573be7c77e09" />
<Transcode startTime="23533" endTime="23533" complete="1" fileType="audio" variant="a6e8fb15-bbfb-48bf-9f8c-573be7c77e09" />
<Download startTime="23939" endTime="23944" complete="1" fileType="video" variant="a6e8fb15-bbfb-48bf-9f8c-573be7c77e09">
<Pause type="segmentWait" startTime="23939" endTime="23940" />
</Download>
<Download startTime="24251" endTime="24252" complete="1" fileType="audio" variant="a6e8fb15-bbfb-48bf-9f8c-573be7c77e09" />
</Timelines>
</Segment>
<Segment duration="7090" startOffset="2769310" endOffset="2776401">
<File name="chunk-stream0-00347.m4s" type="video">
<FileVariant size="158421" variant="a6e8fb15-bbfb-48bf-9f8c-573be7c77e09" />
</File>
<File name="chunk-stream1-00347.m4s" type="audio">
<FileVariant size="137154" variant="a6e8fb15-bbfb-48bf-9f8c-573be7c77e09" />
</File>
<Timelines>
<Download startTime="24423" endTime="25434" complete="1" fileType="video" variant="a6e8fb15-bbfb-48bf-9f8c-573be7c77e09">
<Pause type="segmentWait" startTime="24423" endTime="25430" />
</Download>
<Download startTime="24624" endTime="25434" complete="1" fileType="audio" variant="a6e8fb15-bbfb-48bf-9f8c-573be7c77e09">
<Pause type="segmentWait" startTime="24624" endTime="25430" />
</Download>
<Transcode startTime="23533" endTime="25423" complete="1" fileType="video" variant="a6e8fb15-bbfb-48bf-9f8c-573be7c77e09" />
<Transcode startTime="23533" endTime="25423" complete="1" fileType="audio" variant="a6e8fb15-bbfb-48bf-9f8c-573be7c77e09" />
</Timelines>
</Segment>
<Segment duration="9009" startOffset="2776401" endOffset="2785410">
<File name="chunk-stream0-00348.m4s" type="video">
<FileVariant size="182253" variant="a6e8fb15-bbfb-48bf-9f8c-573be7c77e09" />
</File>
<File name="chunk-stream1-00348.m4s" type="audio">
<FileVariant size="175034" variant="a6e8fb15-bbfb-48bf-9f8c-573be7c77e09" />
</File>
<Timelines>
<Transcode startTime="25423" endTime="25423" complete="1" fileType="video" variant="a6e8fb15-bbfb-48bf-9f8c-573be7c77e09" />
<Transcode startTime="25423" endTime="25423" complete="1" fileType="audio" variant="a6e8fb15-bbfb-48bf-9f8c-573be7c77e09" />
<Download startTime="25832" endTime="25833" complete="1" fileType="audio" variant="a6e8fb15-bbfb-48bf-9f8c-573be7c77e09" />
<Download startTime="25835" endTime="25841" complete="1" fileType="video" variant="a6e8fb15-bbfb-48bf-9f8c-573be7c77e09" />
</Timelines>
</Segment>
<Segment duration="0" startOffset="2788740" endOffset="2788740">
<File name="sub-chunk-00013" type="subs">
<FileVariant size="122" variant="a6e8fb15-bbfb-48bf-9f8c-573be7c77e09" />
</File>
<Timelines>
<Transcode startTime="25408" endTime="25892" complete="1" fileType="subs" variant="a6e8fb15-bbfb-48bf-9f8c-573be7c77e09" />
</Timelines>
</Segment>
<Segment duration="7674" startOffset="2785410" endOffset="2793084">
<File name="chunk-stream0-00349.m4s" type="video">
<FileVariant size="117247" variant="a6e8fb15-bbfb-48bf-9f8c-573be7c77e09" />
</File>
<File name="chunk-stream1-00349.m4s" type="audio">
<FileVariant size="149175" variant="a6e8fb15-bbfb-48bf-9f8c-573be7c77e09" />
</File>
<Timelines>
<Download startTime="26165" endTime="27274" complete="1" fileType="video" variant="a6e8fb15-bbfb-48bf-9f8c-573be7c77e09">
<Pause type="segmentWait" startTime="26165" endTime="27273" />
</Download>
<Download startTime="26165" endTime="27274" complete="1" fileType="audio" variant="a6e8fb15-bbfb-48bf-9f8c-573be7c77e09">
<Pause type="segmentWait" startTime="26165" endTime="27272" />
</Download>
<Transcode startTime="25423" endTime="27172" complete="1" fileType="video" variant="a6e8fb15-bbfb-48bf-9f8c-573be7c77e09" />
<Transcode startTime="25423" endTime="27172" complete="1" fileType="audio" variant="a6e8fb15-bbfb-48bf-9f8c-573be7c77e09" />
</Timelines>
</Segment>
<Segment duration="0" startOffset="2791380" endOffset="2791380">
<File name="sub-chunk-00014" type="subs">
<FileVariant size="72" variant="a6e8fb15-bbfb-48bf-9f8c-573be7c77e09" />
</File>
<Timelines>
<Transcode startTime="25892" endTime="26458" complete="1" fileType="subs" variant="a6e8fb15-bbfb-48bf-9f8c-573be7c77e09" />
</Timelines>
</Segment>
<Segment duration="0" startOffset="2793050" endOffset="2793050">
<File name="sub-chunk-00015" type="subs">
<FileVariant size="121" variant="a6e8fb15-bbfb-48bf-9f8c-573be7c77e09" />
</File>
<Timelines>
<Transcode startTime="26458" endTime="26892" complete="1" fileType="subs" variant="a6e8fb15-bbfb-48bf-9f8c-573be7c77e09" />
</Timelines>
</Segment>
<Segment duration="7173" startOffset="2793084" endOffset="2800258">
<File name="chunk-stream0-00350.m4s" type="video">
<FileVariant size="95097" variant="a6e8fb15-bbfb-48bf-9f8c-573be7c77e09" />
</File>
<File name="chunk-stream1-00350.m4s" type="audio">
<FileVariant size="139618" variant="a6e8fb15-bbfb-48bf-9f8c-573be7c77e09" />
</File>
<Timelines>
<Download startTime="27770" endTime="28877" complete="1" fileType="video" variant="a6e8fb15-bbfb-48bf-9f8c-573be7c77e09">
<Pause type="segmentWait" startTime="27770" endTime="28874" />
</Download>
<Download startTime="27839" endTime="28956" complete="1" fileType="audio" variant="a6e8fb15-bbfb-48bf-9f8c-573be7c77e09">
<Pause type="segmentWait" startTime="27839" endTime="28955" />
</Download>
<Transcode startTime="27172" endTime="28864" complete="1" fileType="video" variant="a6e8fb15-bbfb-48bf-9f8c-573be7c77e09" />
<Transcode startTime="27172" endTime="28864" complete="1" fileType="audio" variant="a6e8fb15-bbfb-48bf-9f8c-573be7c77e09" />
</Timelines>
</Segment>
<Segment duration="0" startOffset="2798890" endOffset="2798890">
<File name="sub-chunk-00016" type="subs">
<FileVariant size="61" variant="a6e8fb15-bbfb-48bf-9f8c-573be7c77e09" />
</File>
<Timelines>
<Transcode startTime="26892" endTime="28269" complete="1" fileType="subs" variant="a6e8fb15-bbfb-48bf-9f8c-573be7c77e09" />
</Timelines>
</Segment>
<Segment duration="0" startOffset="2800390" endOffset="2800390">
<File name="sub-chunk-00017" type="subs">
<FileVariant size="57" variant="a6e8fb15-bbfb-48bf-9f8c-573be7c77e09" />
</File>
<Timelines>
<Transcode startTime="28269" endTime="28620" complete="1" fileType="subs" variant="a6e8fb15-bbfb-48bf-9f8c-573be7c77e09" />
</Timelines>
</Segment>
<Segment duration="11845" startOffset="2800258" endOffset="2812103">
<File name="chunk-stream0-00351.m4s" type="video">
<FileVariant size="135351" variant="a6e8fb15-bbfb-48bf-9f8c-573be7c77e09" />
</File>
<File name="chunk-stream1-00351.m4s" type="audio">
<FileVariant size="229987" variant="a6e8fb15-bbfb-48bf-9f8c-573be7c77e09" />
</File>
<Timelines>
<Download startTime="29318" endTime="31227" complete="1" fileType="video" variant="a6e8fb15-bbfb-48bf-9f8c-573be7c77e09">
<Pause type="segmentWait" startTime="29318" endTime="31226" />
</Download>
<Download startTime="29318" endTime="31228" complete="1" fileType="audio" variant="a6e8fb15-bbfb-48bf-9f8c-573be7c77e09">
<Pause type="segmentWait" startTime="29318" endTime="31223" />
</Download>
<Transcode startTime="28864" endTime="31192" complete="1" fileType="video" variant="a6e8fb15-bbfb-48bf-9f8c-573be7c77e09" />
<Transcode startTime="28864" endTime="31192" complete="1" fileType="audio" variant="a6e8fb15-bbfb-48bf-9f8c-573be7c77e09" />
</Timelines>
</Segment>
<Segment duration="13596" startOffset="3475850" endOffset="3489447">
<File name="chunk-stream0-00433.m4s" type="video">
<FileVariant size="94861" variant="e6679bf9-9a25-46fa-8784-73e9bb091fd2" />
</File>
<File name="chunk-stream1-00433.m4s" type="audio">
<FileVariant size="156638" variant="e6679bf9-9a25-46fa-8784-73e9bb091fd2" />
</File>
<Timelines>
<Download startTime="32443" endTime="43230" complete="1" fileType="video" variant="a6e8fb15-bbfb-48bf-9f8c-573be7c77e09">
<Pause type="segmentWait" startTime="32443" endTime="43228" />
</Download>
<Download startTime="32503" endTime="43243" complete="1" fileType="audio" variant="e6679bf9-9a25-46fa-8784-73e9bb091fd2">
<Pause type="segmentWait" startTime="32503" endTime="43242" />
</Download>
<Transcode startTime="43141" endTime="43142" complete="1" fileType="video" variant="e6679bf9-9a25-46fa-8784-73e9bb091fd2" />
<Transcode startTime="43142" endTime="43142" complete="1" fileType="audio" variant="e6679bf9-9a25-46fa-8784-73e9bb091fd2" />
</Timelines>
</Segment>
<Segment duration="8091" startOffset="3456039" endOffset="3464130">
<File name="chunk-stream0-00429.m4s" type="video">
<FileVariant size="0" variant="e6679bf9-9a25-46fa-8784-73e9bb091fd2" />
</File>
<File name="chunk-stream1-00429.m4s" type="audio">
<FileVariant size="0" variant="e6679bf9-9a25-46fa-8784-73e9bb091fd2" />
</File>
<Timelines>
<Transcode startTime="32503" endTime="37225" complete="1" fileType="video" variant="e6679bf9-9a25-46fa-8784-73e9bb091fd2" />
<Transcode startTime="32503" endTime="37226" complete="1" fileType="audio" variant="e6679bf9-9a25-46fa-8784-73e9bb091fd2" />
</Timelines>
</Segment>
<Segment duration="8091" startOffset="3456039" endOffset="3464130">
<File name="chunk-stream0-00430.m4s" type="video">
<FileVariant size="0" variant="e6679bf9-9a25-46fa-8784-73e9bb091fd2" />
</File>
<File name="chunk-stream1-00430.m4s" type="audio">
<FileVariant size="0" variant="e6679bf9-9a25-46fa-8784-73e9bb091fd2" />
</File>
<Timelines>
<Transcode startTime="37225" endTime="40232" complete="1" fileType="video" variant="e6679bf9-9a25-46fa-8784-73e9bb091fd2" />
<Transcode startTime="37226" endTime="40232" complete="1" fileType="audio" variant="e6679bf9-9a25-46fa-8784-73e9bb091fd2" />
</Timelines>
</Segment>
<Segment duration="11720" startOffset="3464130" endOffset="3475850">
<File name="chunk-stream0-00431.m4s" type="video">
<FileVariant size="0" variant="e6679bf9-9a25-46fa-8784-73e9bb091fd2" />
</File>
<File name="chunk-stream1-00431.m4s" type="audio">
<FileVariant size="0" variant="e6679bf9-9a25-46fa-8784-73e9bb091fd2" />
</File>
<Timelines>
<Transcode startTime="40232" endTime="40232" complete="1" fileType="video" variant="e6679bf9-9a25-46fa-8784-73e9bb091fd2" />
<Transcode startTime="40232" endTime="40232" complete="1" fileType="audio" variant="e6679bf9-9a25-46fa-8784-73e9bb091fd2" />
</Timelines>
</Segment>
<Segment duration="11720" startOffset="3464130" endOffset="3475850">
<File name="chunk-stream0-00432.m4s" type="video">
<FileVariant size="0" variant="e6679bf9-9a25-46fa-8784-73e9bb091fd2" />
</File>
<File name="chunk-stream1-00432.m4s" type="audio">
<FileVariant size="0" variant="e6679bf9-9a25-46fa-8784-73e9bb091fd2" />
</File>
<Timelines>
<Transcode startTime="40232" endTime="43141" complete="1" fileType="video" variant="e6679bf9-9a25-46fa-8784-73e9bb091fd2" />
<Transcode startTime="40232" endTime="43142" complete="1" fileType="audio" variant="e6679bf9-9a25-46fa-8784-73e9bb091fd2" />
</Timelines>
</Segment>
<Segment duration="13596" startOffset="3475850" endOffset="3489447">
<File name="chunk-stream0-00434.m4s" type="video">
<FileVariant size="111169" variant="e6679bf9-9a25-46fa-8784-73e9bb091fd2" />
</File>
<File name="chunk-stream1-00434.m4s" type="audio">
<FileVariant size="227161" variant="e6679bf9-9a25-46fa-8784-73e9bb091fd2" />
</File>
<Timelines>
<Transcode startTime="43142" endTime="43690" complete="1" fileType="video" variant="e6679bf9-9a25-46fa-8784-73e9bb091fd2" />
<Transcode startTime="43142" endTime="43690" complete="1" fileType="audio" variant="e6679bf9-9a25-46fa-8784-73e9bb091fd2" />
</Timelines>
</Segment>
<Segment duration="2419" startOffset="3489447" endOffset="3491866">
<File name="chunk-stream0-00435.m4s" type="video">
<FileVariant size="151296" variant="e6679bf9-9a25-46fa-8784-73e9bb091fd2" />
</File>
<File name="chunk-stream1-00435.m4s" type="audio">
<FileVariant size="263727" variant="e6679bf9-9a25-46fa-8784-73e9bb091fd2" />
</File>
<Timelines>
<Transcode startTime="43690" endTime="43690" complete="1" fileType="video" variant="e6679bf9-9a25-46fa-8784-73e9bb091fd2" />
<Transcode startTime="43690" endTime="43690" complete="1" fileType="audio" variant="e6679bf9-9a25-46fa-8784-73e9bb091fd2" />
</Timelines>
</Segment>
<Segment duration="2419" startOffset="3489447" endOffset="3491866">
<File name="chunk-stream0-00436.m4s" type="video">
<FileVariant size="37833" variant="e6679bf9-9a25-46fa-8784-73e9bb091fd2" />
</File>
<File name="chunk-stream1-00436.m4s" type="audio">
<FileVariant size="47123" variant="e6679bf9-9a25-46fa-8784-73e9bb091fd2" />
</File>
<Timelines>
<Transcode startTime="43690" endTime="45996" complete="1" fileType="video" variant="e6679bf9-9a25-46fa-8784-73e9bb091fd2" />
<Transcode startTime="43690" endTime="45996" complete="1" fileType="audio" variant="e6679bf9-9a25-46fa-8784-73e9bb091fd2" />
</Timelines>
</Segment>
<Segment duration="10427" startOffset="3491866" endOffset="3502293">
<File name="chunk-stream0-00437.m4s" type="video">
<FileVariant size="61624" variant="e6679bf9-9a25-46fa-8784-73e9bb091fd2" />
</File>
<File name="chunk-stream1-00437.m4s" type="audio">
<FileVariant size="203649" variant="e6679bf9-9a25-46fa-8784-73e9bb091fd2" />
</File>
<Timelines>
<Transcode startTime="45996" endTime="45996" complete="1" fileType="video" variant="e6679bf9-9a25-46fa-8784-73e9bb091fd2" />
<Transcode startTime="45996" endTime="45996" complete="1" fileType="audio" variant="e6679bf9-9a25-46fa-8784-73e9bb091fd2" />
</Timelines>
</Segment>
<Segment duration="5463" startOffset="3502293" endOffset="3507757">
<File name="chunk-stream0-00438.m4s" type="video">
<FileVariant size="70229" variant="e6679bf9-9a25-46fa-8784-73e9bb091fd2" />
</File>
<File name="chunk-stream1-00438.m4s" type="audio">
<FileVariant size="105810" variant="e6679bf9-9a25-46fa-8784-73e9bb091fd2" />
</File>
<Timelines>
<Transcode startTime="45996" endTime="47169" complete="1" fileType="video" variant="e6679bf9-9a25-46fa-8784-73e9bb091fd2" />
<Transcode startTime="45996" endTime="47169" complete="1" fileType="audio" variant="e6679bf9-9a25-46fa-8784-73e9bb091fd2" />
</Timelines>
</Segment>
<Segment duration="5005" startOffset="3507757" endOffset="3512762">
<File name="chunk-stream0-00439.m4s" type="video">
<FileVariant size="47298" variant="e6679bf9-9a25-46fa-8784-73e9bb091fd2" />
</File>
<File name="chunk-stream1-00439.m4s" type="audio">
<FileVariant size="97339" variant="e6679bf9-9a25-46fa-8784-73e9bb091fd2" />
</File>
<Timelines>
<Transcode startTime="47169" endTime="48340" complete="1" fileType="video" variant="e6679bf9-9a25-46fa-8784-73e9bb091fd2" />
<Transcode startTime="47169" endTime="48340" complete="1" fileType="audio" variant="e6679bf9-9a25-46fa-8784-73e9bb091fd2" />
</Timelines>
</Segment>
<Segment duration="12804" startOffset="3512762" endOffset="3525567">
<File name="chunk-stream0-00440.m4s" type="video">
<FileVariant size="104055" variant="e6679bf9-9a25-46fa-8784-73e9bb091fd2" />
</File>
<File name="chunk-stream1-00440.m4s" type="audio">
<FileVariant size="249676" variant="e6679bf9-9a25-46fa-8784-73e9bb091fd2" />
</File>
<Timelines>
<Transcode startTime="48340" endTime="51156" complete="1" fileType="video" variant="e6679bf9-9a25-46fa-8784-73e9bb091fd2" />
<Transcode startTime="48340" endTime="51156" complete="1" fileType="audio" variant="e6679bf9-9a25-46fa-8784-73e9bb091fd2" />
</Timelines>
</Segment>
<Segment duration="7966" startOffset="3525567" endOffset="3533533">
<File name="chunk-stream0-00441.m4s" type="video">
<FileVariant size="69162" variant="e6679bf9-9a25-46fa-8784-73e9bb091fd2" />
</File>
<File name="chunk-stream1-00441.m4s" type="audio">
<FileVariant size="158232" variant="e6679bf9-9a25-46fa-8784-73e9bb091fd2" />
</File>
<Timelines>
<Transcode startTime="51156" endTime="52752" complete="1" fileType="video" variant="e6679bf9-9a25-46fa-8784-73e9bb091fd2" />
<Transcode startTime="51156" endTime="52752" complete="1" fileType="audio" variant="e6679bf9-9a25-46fa-8784-73e9bb091fd2" />
</Timelines>
</Segment>
<Segment duration="6089" startOffset="3533533" endOffset="3539622">
<File name="chunk-stream0-00442.m4s" type="video">
<FileVariant size="27670" variant="e6679bf9-9a25-46fa-8784-73e9bb091fd2" />
</File>
<File name="chunk-stream1-00442.m4s" type="audio">
<FileVariant size="118208" variant="e6679bf9-9a25-46fa-8784-73e9bb091fd2" />
</File>
<Timelines>
<Transcode startTime="52752" endTime="54032" complete="1" fileType="video" variant="e6679bf9-9a25-46fa-8784-73e9bb091fd2" />
<Transcode startTime="52752" endTime="54032" complete="1" fileType="audio" variant="e6679bf9-9a25-46fa-8784-73e9bb091fd2" />
</Timelines>
</Segment>
<Segment duration="13596" startOffset="3539622" endOffset="3553219">
<File name="chunk-stream0-00443.m4s" type="video">
<FileVariant size="256335" variant="e6679bf9-9a25-46fa-8784-73e9bb091fd2" />
</File>
<File name="chunk-stream1-00443.m4s" type="audio">
<FileVariant size="267542" variant="e6679bf9-9a25-46fa-8784-73e9bb091fd2" />
</File>
<Timelines>
<Transcode startTime="54032" endTime="57300" complete="1" fileType="video" variant="e6679bf9-9a25-46fa-8784-73e9bb091fd2" />
<Transcode startTime="54032" endTime="57300" complete="1" fileType="audio" variant="e6679bf9-9a25-46fa-8784-73e9bb091fd2" />
</Timelines>
</Segment>
<Segment duration="5422" startOffset="3553219" endOffset="3558641">
<File name="chunk-stream0-00444.m4s" type="video">
<FileVariant size="103284" variant="e6679bf9-9a25-46fa-8784-73e9bb091fd2" />
</File>
<File name="chunk-stream1-00444.m4s" type="audio">
<FileVariant size="104927" variant="e6679bf9-9a25-46fa-8784-73e9bb091fd2" />
</File>
<Timelines>
<Transcode startTime="57300" endTime="80121" complete="1" fileType="video" variant="e6679bf9-9a25-46fa-8784-73e9bb091fd2" />
<Transcode startTime="57300" endTime="80121" complete="1" fileType="audio" variant="e6679bf9-9a25-46fa-8784-73e9bb091fd2" />
</Timelines>
</Segment>
<Segment duration="7173" startOffset="3558641" endOffset="3565815">
<File name="chunk-stream0-00445.m4s" type="video">
<FileVariant size="107622" variant="e6679bf9-9a25-46fa-8784-73e9bb091fd2" />
</File>
<File name="chunk-stream1-00445.m4s" type="audio">
<FileVariant size="140136" variant="e6679bf9-9a25-46fa-8784-73e9bb091fd2" />
</File>
<Timelines>
<Transcode startTime="80121" endTime="120968" complete="1" fileType="video" variant="e6679bf9-9a25-46fa-8784-73e9bb091fd2" />
<Transcode startTime="80121" endTime="120968" complete="1" fileType="audio" variant="e6679bf9-9a25-46fa-8784-73e9bb091fd2" />
</Timelines>
</Segment>
<Segment duration="2544" startOffset="3565815" endOffset="3568360">
<File name="chunk-stream0-00446.m4s" type="video">
<FileVariant size="12055" variant="e6679bf9-9a25-46fa-8784-73e9bb091fd2" />
</File>
<File name="chunk-stream1-00446.m4s" type="audio">
<FileVariant size="49253" variant="e6679bf9-9a25-46fa-8784-73e9bb091fd2" />
</File>
<Timelines>
<Transcode startTime="120968" endTime="135602" complete="1" fileType="video" variant="e6679bf9-9a25-46fa-8784-73e9bb091fd2" />
<Transcode startTime="120968" endTime="135602" complete="1" fileType="audio" variant="e6679bf9-9a25-46fa-8784-73e9bb091fd2" />
</Timelines>
</Segment>
<Segment duration="10802" startOffset="3568360" endOffset="3579162">
<File name="chunk-stream0-00447.m4s" type="video">
<FileVariant size="87543" variant="e6679bf9-9a25-46fa-8784-73e9bb091fd2" />
</File>
<File name="chunk-stream1-00447.m4s" type="audio">
<FileVariant size="209933" variant="e6679bf9-9a25-46fa-8784-73e9bb091fd2" />
</File>
<Timelines>
<Transcode startTime="135602" endTime="195983" complete="1" fileType="video" variant="e6679bf9-9a25-46fa-8784-73e9bb091fd2" />
<Transcode startTime="135602" endTime="195983" complete="1" fileType="audio" variant="e6679bf9-9a25-46fa-8784-73e9bb091fd2" />
</Timelines>
</Segment>
</SegmentList>
<PlaybackReports>
<Playback startTime="11045" endTime="15655" state="playing" progress="888000" />
<Playback startTime="15655" endTime="19310" state="buffering" progress="2754000" />
<Playback startTime="19310" endTime="24840" state="buffering" progress="2754000" />
<Playback startTime="24840" endTime="29252" state="playing" progress="2754000" />
<Playback startTime="29252" endTime="30663" state="playing" progress="2758000" />
<Playback startTime="30663" endTime="223608" state="buffering" progress="3464000" />
</PlaybackReports>
<StateReports />
<StateReports type="sloth">
<State startTime="57692" endTime="223608" slothMode="1" />
</StateReports>
</SessionReport>
