Nov 25, 2019 21:03:10.822 [0x7f41d31f1700] INFO - Plex Tuner Service v1.0.0.0 - Docker Docker Container x86_64 - build: 
Nov 25, 2019 21:03:10.826 [0x7f41d31f1700] INFO - Linux version: 4.9.184-linuxkit (#1 SMP Tue Jul 2 22:58:16 UTC 2019), language: C
Nov 25, 2019 21:03:10.828 [0x7f41d31f1700] INFO - Processor Intel(R) Core(TM) i7-7700HQ CPU @ 2.80GHz
Nov 25, 2019 21:03:10.829 [0x7f41d31f1700] INFO - /usr/lib/plexmediaserver/Plex Tuner Service /usr/lib/plexmediaserver/Resources/Tuner/Private /usr/lib/plexmediaserver/Resources/Tuner/Shared 1.18.2.2058-e67a4e892 32600 /waitmutex
Nov 25, 2019 21:03:10.760 [0x7f41d82c6740] INFO - [I] broker_t::start...
Nov 25, 2019 21:03:10.763 [0x7f41d82c6740] INFO - [I] device_manager_t::init.
Nov 25, 2019 21:03:10.763 [0x7f41d82c6740] INFO - [I] device_manager_t::init. Initialize provider manager
Nov 25, 2019 21:03:10.763 [0x7f41d82c6740] INFO - [I] device_manager_t::init. Initialize all device auxes
Nov 25, 2019 21:03:10.763 [0x7f41d82c6740] INFO - [I] dvb_device_factory_t::get_aux_list
Nov 25, 2019 21:03:10.763 [0x7f41d82c6740] INFO - [I] tvbutler_aux_t::init
Nov 25, 2019 21:03:10.764 [0x7f41d82c6740] INFO - [I] web_server_t::start. Starting web server on port 32600
Nov 25, 2019 21:03:18.361 [0x7f41d21ef700] INFO - [I] web_service_t::process_device_discovery
Nov 25, 2019 21:03:18.361 [0x7f41d21ef700] INFO - [I] device_reactor_t::get_device_list ()
Nov 25, 2019 21:03:18.361 [0x7f41d21ef700] INFO - [I] dvb_device_factory_t::get_device_list ()
Nov 25, 2019 21:03:20.376 [0x7f41d21ef700] INFO - [I] SAT2IP - discover_satip_servers(): no servers found
Nov 25, 2019 21:03:20.785 [0x7f41d21ef700] INFO - [I] v4l::DeviceGetList_impl. getting v4l device list
Nov 25, 2019 21:03:20.787 [0x7f41d21ef700] INFO - [I] onetv_factory::DeviceGetListEx >>
Nov 25, 2019 21:03:20.787 [0x7f41d21ef700] WARN - [W] onetv_factory::DeviceGetListEx. libusb_init returned an error -99
Nov 25, 2019 21:05:08.864 [0x7f41d82c6740] DEBUG - Unable to lock named mutex F8EEB26D-AB23-4061-8250-130AB5285A4A: Interrupted system call
Nov 25, 2019 21:05:08.864 [0x7f41d82c6740] INFO - [I] device_manager_t::term
Nov 25, 2019 21:05:08.864 [0x7f41d82c6740] INFO - [I] device_manager_t::term. Stop all devices
Nov 25, 2019 21:05:08.864 [0x7f41d82c6740] INFO - [I] device_manager_t::term. Shut down all device auxes
Nov 25, 2019 21:05:08.864 [0x7f41d82c6740] INFO - [I] tvbutler_aux_t::term
Nov 25, 2019 21:05:08.898 [0x7f41d82c6740] INFO - [I] web_server_t::stop. Web server is stopped
