<SessionReport version="2" startTime="0" startTimestamp="Nov 25, 2019 21:17:58.428" key="/library/metadata/1" session="kwpmesksltpnnzkrm3dk5hnh" transcode="ejcmzwdsi9ic0uwg0ydunsdr">
<User id="1" thumb="https://plex.tv/users/a174567308a268bb/avatar?c=1574715584" title="andreyindreies@live.com" />
<Player address="127.0.0.1" device="Windows" machineIdentifier="nhwisnvhnejpwpgnmenqmjib" model="hosted" platform="Chrome" platformVersion="78.0" product="Plex Web" remotePublicAddress="127.0.0.1" state="" title="Chrome" vendor="" version="4.14.2" local="0" relayed="1" secure="1" userID="1" />
<Variants>
<Variant id="8de44e5e-d6e9-482c-820c-43ace77d2235" targetBitrate="719" context="streaming" sourceVideoCodec="h264" sourceAudioCodec="ac3" videoDecision="transcode" audioDecision="transcode" subtitleDecision="transcode" protocol="dash" container="mp4" videoCodec="h264" audioCodec="aac" audioChannels="2" transcodeHwRequested="0" transcodeHwFullPipeline="0">
<Media id="1" videoProfile="high" audioChannels="2" audioCodec="aac" bitrate="683" container="mp4" duration="6365408" height="202" optimizedForStreaming="1" protocol="dash" videoCodec="h264" videoFrameRate="24p" videoResolution="SD" width="480" selected="1">
<Part id="1" videoProfile="high" bitrate="683" container="mp4" duration="6365408" height="202" optimizedForStreaming="1" protocol="dash" width="480" decision="transcode" selected="1">
<Stream bitrate="530" chromaLocation="left" codec="h264" default="1" displayTitle="1080p (H.264)" frameRate="23.975999999999999" height="202" id="1" language="English" languageCode="eng" streamType="1" width="480" decision="transcode" location="segments-video" />
<Stream bitrate="153" bitrateMode="cbr" channels="2" codec="aac" default="1" displayTitle="English (AC3 5.1)" id="2" language="English" languageCode="eng" selected="1" streamType="2" decision="transcode" location="segments-audio" />
<Stream codec="ass" container="ass" displayTitle="Rom&#226;n&#259; (SRT)" format="ass" id="3" language="Rom&#226;n&#259;" languageCode="rum" selected="1" streamType="3" decision="transcode" location="segments-subs" />
</Part>
</Media>
</Variant>
</Variants>
<SegmentList>
<Segment duration="0" startOffset="-1" endOffset="-1">
<Timelines>
<Download startTime="456" fileType="audio" variant="8de44e5e-d6e9-482c-820c-43ace77d2235" />
<Download startTime="561" fileType="video" variant="8de44e5e-d6e9-482c-820c-43ace77d2235" />
</Timelines>
</Segment>
<Segment duration="8008" startOffset="0" endOffset="8008">
<File name="chunk-stream0-00001.m4s" type="video">
<FileVariant size="102299" variant="8de44e5e-d6e9-482c-820c-43ace77d2235" />
</File>
<File name="chunk-stream1-00001.m4s" type="audio">
<FileVariant size="106413" variant="8de44e5e-d6e9-482c-820c-43ace77d2235" />
</File>
<Timelines>
<Transcode startTime="163" endTime="1433" complete="1" fileType="video" variant="8de44e5e-d6e9-482c-820c-43ace77d2235" />
<Transcode startTime="163" endTime="1433" complete="1" fileType="audio" variant="8de44e5e-d6e9-482c-820c-43ace77d2235" />
</Timelines>
</Segment>
<Segment duration="8008" startOffset="8008" endOffset="16016">
<File name="chunk-stream0-00002.m4s" type="video">
<FileVariant size="382881" variant="8de44e5e-d6e9-482c-820c-43ace77d2235" />
</File>
<File name="chunk-stream1-00002.m4s" type="audio">
<FileVariant size="155373" variant="8de44e5e-d6e9-482c-820c-43ace77d2235" />
</File>
<Timelines>
<Transcode startTime="1433" endTime="2866" complete="1" fileType="video" variant="8de44e5e-d6e9-482c-820c-43ace77d2235" />
<Transcode startTime="1433" endTime="2866" complete="1" fileType="audio" variant="8de44e5e-d6e9-482c-820c-43ace77d2235" />
</Timelines>
</Segment>
</SegmentList>
<PlaybackReports />
<StateReports />
<StateReports />
</SessionReport>
